<?xml version="1.0" encoding="UTF-8"?>
<!-- Generated by org.testng.reporters.JUnitReportReporter -->
<testsuite hostname="qaplanet-PC" name="com.OHRM.Bd1.TestCases.TC1_Login" tests="3" failures="0" timestamp="18 Jul 2019 10:52:02 GMT" time="2.341" errors="1">
  <testcase name="validateUserLogin" time="0.130" classname="com.OHRM.Bd1.TestCases.TC1_Login"/>
  <testcase name="validateLogin" time="0.034" classname="com.OHRM.Bd1.TestCases.TC1_Login"/>
  <testcase name="verifyHomeElements" time="2.177" classname="com.OHRM.Bd1.TestCases.TC1_Login">
    <error type="java.lang.NullPointerException">
      <![CDATA[java.lang.NullPointerException
	at com.OHRM.TestUtils.XLUtils.writeDataInToExcel(XLUtils.java:89)
	at com.OHRM.Bd1.TestCases.TC1_Login.verifyHomeElements(TC1_Login.java:60)
	at sun.reflect.NativeMethodAccessorImpl.invoke0(Native Method)
	at sun.reflect.NativeMethodAccessorImpl.invoke(Unknown Source)
	at sun.reflect.DelegatingMethodAccessorImpl.invoke(Unknown Source)
	at java.lang.reflect.Method.invoke(Unknown Source)
	at org.testng.internal.MethodInvocationHelper.invokeMethod(MethodInvocationHelper.java:86)
	at org.testng.internal.Invoker.invokeMethod(Invoker.java:645)
	at org.testng.internal.Invoker.invokeTestMethod(Invoker.java:822)
	at org.testng.internal.Invoker.invokeTestMethods(Invoker.java:1130)
	at org.testng.internal.TestMethodWorker.invokeTestMethods(TestMethodWorker.java:129)
	at org.testng.internal.TestMethodWorker.run(TestMethodWorker.java:112)
	at org.testng.TestRunner.privateRun(TestRunner.java:782)
	at org.testng.TestRunner.run(TestRunner.java:632)
	at org.testng.SuiteRunner.runTest(SuiteRunner.java:366)
	at org.testng.SuiteRunner.runSequentially(SuiteRunner.java:361)
	at org.testng.SuiteRunner.privateRun(SuiteRunner.java:319)
	at org.testng.SuiteRunner.run(SuiteRunner.java:268)
	at org.testng.SuiteRunnerWorker.runSuite(SuiteRunnerWorker.java:52)
	at org.testng.SuiteRunnerWorker.run(SuiteRunnerWorker.java:86)
	at org.testng.TestNG.runSuitesSequentially(TestNG.java:1244)
	at org.testng.TestNG.runSuitesLocally(TestNG.java:1169)
	at org.testng.TestNG.run(TestNG.java:1064)
	at org.testng.remote.RemoteTestNG.run(RemoteTestNG.java:113)
	at org.testng.remote.RemoteTestNG.initAndRun(RemoteTestNG.java:206)
	at org.testng.remote.RemoteTestNG.main(RemoteTestNG.java:177)
]]>
    </error>
  </testcase> <!-- verifyHomeElements -->
</testsuite> <!-- com.OHRM.Bd1.TestCases.TC1_Login -->
